<?xml version="1.0" encoding="UTF-8"?>
<testng-results ignored="0" total="1" passed="1" failed="0" skipped="0">
  <reporter-output>
  </reporter-output>
  <suite started-at="2021-05-19T08:14:43Z" name="Suite" finished-at="2021-05-19T08:14:57Z" duration-ms="13838">
    <groups>
      <group name="regression">
        <method signature="CheckBox1.checkboxTest()[pri:0, instance:com.project.MavenMarchSelenium9_30AMBatch.CheckBox1@7fbdb894]" name="checkboxTest" class="com.project.MavenMarchSelenium9_30AMBatch.CheckBox1"/>
      </group> <!-- regression -->
      <group name="smoke">
        <method signature="CheckBox1.checkboxTest()[pri:0, instance:com.project.MavenMarchSelenium9_30AMBatch.CheckBox1@7fbdb894]" name="checkboxTest" class="com.project.MavenMarchSelenium9_30AMBatch.CheckBox1"/>
      </group> <!-- smoke -->
    </groups>
    <test started-at="2021-05-19T08:14:43Z" name="Test" finished-at="2021-05-19T08:14:57Z" duration-ms="13838">
      <class name="com.project.MavenMarchSelenium9_30AMBatch.CheckBox1">
        <test-method is-config="true" signature="beforeMethod(java.lang.String)[pri:0, instance:com.project.MavenMarchSelenium9_30AMBatch.CheckBox1@7fbdb894]" started-at="2021-05-19T08:14:43Z" name="beforeMethod" finished-at="2021-05-19T08:14:55Z" duration-ms="12557" status="PASS">
          <params>
            <param index="0">
              <value>
                <![CDATA[firefox]]>
              </value>
            </param>
          </params>
          <reporter-output>
          </reporter-output>
        </test-method> <!-- beforeMethod -->
        <test-method signature="checkboxTest()[pri:0, instance:com.project.MavenMarchSelenium9_30AMBatch.CheckBox1@7fbdb894]" started-at="2021-05-19T08:14:55Z" name="checkboxTest" finished-at="2021-05-19T08:14:56Z" duration-ms="202" status="PASS">
          <reporter-output>
          </reporter-output>
        </test-method> <!-- checkboxTest -->
        <test-method is-config="true" signature="afterMethod()[pri:0, instance:com.project.MavenMarchSelenium9_30AMBatch.CheckBox1@7fbdb894]" started-at="2021-05-19T08:14:56Z" name="afterMethod" finished-at="2021-05-19T08:14:57Z" duration-ms="1058" status="PASS">
          <reporter-output>
          </reporter-output>
        </test-method> <!-- afterMethod -->
      </class> <!-- com.project.MavenMarchSelenium9_30AMBatch.CheckBox1 -->
    </test> <!-- Test -->
  </suite> <!-- Suite -->
</testng-results>
