<?xml version="1.0" encoding="UTF-8"?>
<testng-results skipped="0" failed="0" ignored="0" total="1" passed="1">
  <reporter-output>
  </reporter-output>
  <suite name="Suite" duration-ms="14821" started-at="2021-05-13T05:12:09Z" finished-at="2021-05-13T05:12:24Z">
    <groups>
      <group name="regression">
        <method signature="TNG_002.amazon()[pri:0, instance:com.project.MavenMarchSelenium9_30AMBatch.TNG_002@1df82230]" name="amazon" class="com.project.MavenMarchSelenium9_30AMBatch.TNG_002"/>
      </group> <!-- regression -->
      <group name="sanity">
        <method signature="TNG_002.amazon()[pri:0, instance:com.project.MavenMarchSelenium9_30AMBatch.TNG_002@1df82230]" name="amazon" class="com.project.MavenMarchSelenium9_30AMBatch.TNG_002"/>
      </group> <!-- sanity -->
    </groups>
    <test name="Test" duration-ms="14821" started-at="2021-05-13T05:12:09Z" finished-at="2021-05-13T05:12:24Z">
      <class name="com.project.MavenMarchSelenium9_30AMBatch.TNG_002">
        <test-method status="PASS" signature="startProcess(java.lang.String)[pri:0, instance:com.project.MavenMarchSelenium9_30AMBatch.TNG_002@1df82230]" name="startProcess" is-config="true" duration-ms="9312" started-at="2021-05-13T05:12:09Z" finished-at="2021-05-13T05:12:19Z">
          <params>
            <param index="0">
              <value>
                <![CDATA[firefox]]>
              </value>
            </param>
          </params>
          <reporter-output>
          </reporter-output>
        </test-method> <!-- startProcess -->
        <test-method status="PASS" signature="amazon()[pri:0, instance:com.project.MavenMarchSelenium9_30AMBatch.TNG_002@1df82230]" name="amazon" duration-ms="3008" started-at="2021-05-13T05:12:19Z" finished-at="2021-05-13T05:12:22Z">
          <reporter-output>
          </reporter-output>
        </test-method> <!-- amazon -->
        <test-method status="PASS" signature="endProcess()[pri:0, instance:com.project.MavenMarchSelenium9_30AMBatch.TNG_002@1df82230]" name="endProcess" is-config="true" duration-ms="2437" started-at="2021-05-13T05:12:22Z" finished-at="2021-05-13T05:12:24Z">
          <reporter-output>
          </reporter-output>
        </test-method> <!-- endProcess -->
      </class> <!-- com.project.MavenMarchSelenium9_30AMBatch.TNG_002 -->
    </test> <!-- Test -->
  </suite> <!-- Suite -->
</testng-results>
